<?xml version="1.0" encoding="UTF-8"?>
<testsuite xmlns:xsi="http://www.w3.org/2001/XMLSchema-instance" xsi:noNamespaceSchemaLocation="https://maven.apache.org/surefire/maven-surefire-plugin/xsd/surefire-test-report.xsd" name="domain.PersonTest" time="4.599" tests="7" errors="0" skipped="0" failures="0">
  <properties>
    <property name="sun.desktop" value="windows"/>
    <property name="awt.toolkit" value="sun.awt.windows.WToolkit"/>
    <property name="file.encoding.pkg" value="sun.io"/>
    <property name="java.specification.version" value="1.8"/>
    <property name="sun.cpu.isalist" value="amd64"/>
    <property name="sun.jnu.encoding" value="Cp1252"/>
    <property name="java.class.path" value="D:\0_A-HSR Dokumente\IVSev\SE2\Woche2\mavenProj\Haustiere\target\test-classes;D:\0_A-HSR Dokumente\IVSev\SE2\Woche2\mavenProj\Haustiere\target\classes;C:\Users\Boss\.m2\repository\junit\junit\4.11\junit-4.11.jar;C:\Users\Boss\.m2\repository\org\hamcrest\hamcrest-core\1.3\hamcrest-core-1.3.jar;C:\Users\Boss\.m2\repository\org\swinglabs\swing-layout\1.0.3\swing-layout-1.0.3.jar;C:\Users\Boss\.m2\repository\org\wisdom-framework\sqlite-jdbc\3.8.7_1\sqlite-jdbc-3.8.7_1.jar;C:\Users\Boss\.m2\repository\org\apache\felix\org.apache.felix.ipojo.annotations\1.12.1\org.apache.felix.ipojo.annotations-1.12.1.jar;C:\Users\Boss\.m2\repository\org\wisdom-framework\abstract-jdbc-driver\0.5\abstract-jdbc-driver-0.5.jar;"/>
    <property name="java.vm.vendor" value="Oracle Corporation"/>
    <property name="sun.arch.data.model" value="64"/>
    <property name="user.variant" value=""/>
    <property name="java.vendor.url" value="http://java.oracle.com/"/>
    <property name="user.timezone" value="Europe/Berlin"/>
    <property name="java.vm.specification.version" value="1.8"/>
    <property name="os.name" value="Windows 10"/>
    <property name="user.country" value="CH"/>
    <property name="sun.java.launcher" value="SUN_STANDARD"/>
    <property name="sun.boot.library.path" value="C:\Program Files\Java\jdk1.8.0_144\jre\bin"/>
    <property name="sun.java.command" value="C:\Users\Boss\AppData\Local\Temp\surefire6929484715005952857\surefirebooter8011724021215375093.jar C:\Users\Boss\AppData\Local\Temp\surefire6929484715005952857 2019-02-25T13-35-33_339-jvmRun1 surefire2632884833764343532tmp surefire_06200405858706514126tmp"/>
    <property name="surefire.test.class.path" value="D:\0_A-HSR Dokumente\IVSev\SE2\Woche2\mavenProj\Haustiere\target\test-classes;D:\0_A-HSR Dokumente\IVSev\SE2\Woche2\mavenProj\Haustiere\target\classes;C:\Users\Boss\.m2\repository\junit\junit\4.11\junit-4.11.jar;C:\Users\Boss\.m2\repository\org\hamcrest\hamcrest-core\1.3\hamcrest-core-1.3.jar;C:\Users\Boss\.m2\repository\org\swinglabs\swing-layout\1.0.3\swing-layout-1.0.3.jar;C:\Users\Boss\.m2\repository\org\wisdom-framework\sqlite-jdbc\3.8.7_1\sqlite-jdbc-3.8.7_1.jar;C:\Users\Boss\.m2\repository\org\apache\felix\org.apache.felix.ipojo.annotations\1.12.1\org.apache.felix.ipojo.annotations-1.12.1.jar;C:\Users\Boss\.m2\repository\org\wisdom-framework\abstract-jdbc-driver\0.5\abstract-jdbc-driver-0.5.jar;"/>
    <property name="sun.cpu.endian" value="little"/>
    <property name="user.home" value="C:\Users\Boss"/>
    <property name="user.language" value="de"/>
    <property name="java.specification.vendor" value="Oracle Corporation"/>
    <property name="java.home" value="C:\Program Files\Java\jdk1.8.0_144\jre"/>
    <property name="basedir" value="D:\0_A-HSR Dokumente\IVSev\SE2\Woche2\mavenProj\Haustiere"/>
    <property name="file.separator" value="\"/>
    <property name="line.separator" value="&#10;"/>
    <property name="java.vm.specification.vendor" value="Oracle Corporation"/>
    <property name="java.specification.name" value="Java Platform API Specification"/>
    <property name="java.awt.graphicsenv" value="sun.awt.Win32GraphicsEnvironment"/>
    <property name="surefire.real.class.path" value="C:\Users\Boss\AppData\Local\Temp\surefire6929484715005952857\surefirebooter8011724021215375093.jar"/>
    <property name="sun.boot.class.path" value="C:\Program Files\Java\jdk1.8.0_144\jre\lib\resources.jar;C:\Program Files\Java\jdk1.8.0_144\jre\lib\rt.jar;C:\Program Files\Java\jdk1.8.0_144\jre\lib\sunrsasign.jar;C:\Program Files\Java\jdk1.8.0_144\jre\lib\jsse.jar;C:\Program Files\Java\jdk1.8.0_144\jre\lib\jce.jar;C:\Program Files\Java\jdk1.8.0_144\jre\lib\charsets.jar;C:\Program Files\Java\jdk1.8.0_144\jre\lib\jfr.jar;C:\Program Files\Java\jdk1.8.0_144\jre\classes"/>
    <property name="user.script" value=""/>
    <property name="sun.management.compiler" value="HotSpot 64-Bit Tiered Compilers"/>
    <property name="java.runtime.version" value="1.8.0_144-b01"/>
    <property name="user.name" value="Boss"/>
    <property name="path.separator" value=";"/>
    <property name="os.version" value="10.0"/>
    <property name="java.endorsed.dirs" value="C:\Program Files\Java\jdk1.8.0_144\jre\lib\endorsed"/>
    <property name="java.runtime.name" value="Java(TM) SE Runtime Environment"/>
    <property name="file.encoding" value="Cp1252"/>
    <property name="java.vm.name" value="Java HotSpot(TM) 64-Bit Server VM"/>
    <property name="localRepository" value="C:\Users\Boss\.m2\repository"/>
    <property name="java.vendor.url.bug" value="http://bugreport.sun.com/bugreport/"/>
    <property name="java.io.tmpdir" value="C:\Users\Boss\AppData\Local\Temp\"/>
    <property name="java.version" value="1.8.0_144"/>
    <property name="user.dir" value="D:\0_A-HSR Dokumente\IVSev\SE2\Woche2\mavenProj\Haustiere"/>
    <property name="os.arch" value="amd64"/>
    <property name="java.vm.specification.name" value="Java Virtual Machine Specification"/>
    <property name="java.awt.printerjob" value="sun.awt.windows.WPrinterJob"/>
    <property name="sun.os.patch.level" value=""/>
    <property name="java.library.path" value="C:\Program Files\Java\jdk1.8.0_144\jre\bin;C:\WINDOWS\Sun\Java\bin;C:\WINDOWS\system32;C:\WINDOWS;D:\Ruby25-x64\bin;C:\Program Files (x86)\Common Files\Oracle\Java\javapath;C:\ProgramData\Oracle\Java\javapath;C:\Program Files (x86)\Intel\iCLS Client\;C:\Program Files\Intel\iCLS Client\;C:\Windows\system32;C:\Windows;C:\Windows\System32\Wbem;C:\Windows\System32\WindowsPowerShell\v1.0\;C:\Program Files\Intel\WiFi\bin\;C:\Program Files\Common Files\Intel\WirelessCommon\;C:\Program Files (x86)\NVIDIA Corporation\PhysX\Common;C:\Program Files (x86)\Intel\Intel(R) Management Engine Components\DAL;C:\Program Files\Intel\Intel(R) Management Engine Components\DAL;C:\Program Files (x86)\Intel\Intel(R) Management Engine Components\IPT;C:\Program Files\Intel\Intel(R) Management Engine Components\IPT;C:\WINDOWS\system32;C:\WINDOWS;C:\WINDOWS\System32\Wbem;C:\WINDOWS\System32\WindowsPowerShell\v1.0\;D:\PuTTy\;C:\WINDOWS\System32\OpenSSH\;D:\NodeJs\;C:\Program Files\dotnet\;C:\Program Files\Microsoft SQL Server\130\Tools\Binn\;C:\Program Files\NVIDIA Corporation\NVIDIA NvDLISR;D:\0_A-HSR Dokumente\IVSev\SE2\Woche2\apache-maven-3.6.0-bin\apache-maven-3.6.0\bin;C:\Users\Boss\AppData\Local\Microsoft\WindowsApps;C:\Users\Boss\AppData\Roaming\npm;D:\CompilerCPP\mingw32\bin;;."/>
    <property name="java.vm.info" value="mixed mode"/>
    <property name="java.vendor" value="Oracle Corporation"/>
    <property name="java.vm.version" value="25.144-b01"/>
    <property name="java.ext.dirs" value="C:\Program Files\Java\jdk1.8.0_144\jre\lib\ext;C:\WINDOWS\Sun\Java\lib\ext"/>
    <property name="sun.io.unicode.encoding" value="UnicodeLittle"/>
    <property name="java.class.version" value="52.0"/>
  </properties>
  <testcase name="deletePerson" classname="domain.PersonTest" time="0.832"/>
  <testcase name="findAll" classname="domain.PersonTest" time="0.498"/>
  <testcase name="findByID" classname="domain.PersonTest" time="0.525"/>
  <testcase name="getPets" classname="domain.PersonTest" time="0.7"/>
  <testcase name="implementsEquals" classname="domain.PersonTest" time="0.648"/>
  <testcase name="personCreation" classname="domain.PersonTest" time="0.56"/>
  <testcase name="removePet" classname="domain.PersonTest" time="0.808"/>
</testsuite>